09.01.2022 - 02:44:20 - [TAB v3.0.1] Failed to enable. Did you just invent a new way to break the plugin by misconfiguring it?
09.01.2022 - 02:44:20 - java.nio.file.NoSuchFileException: plugins/TAB/premiumconfig.yml
09.01.2022 - 02:44:20 -        at java.base/sun.nio.fs.UnixException.translateToIOException(UnixException.java:92)
09.01.2022 - 02:44:20 -        at java.base/sun.nio.fs.UnixException.rethrowAsIOException(UnixException.java:106)
09.01.2022 - 02:44:20 -        at java.base/sun.nio.fs.UnixException.rethrowAsIOException(UnixException.java:111)
09.01.2022 - 02:44:20 -        at java.base/sun.nio.fs.UnixFileSystemProvider.implDelete(UnixFileSystemProvider.java:249)
09.01.2022 - 02:44:20 -        at java.base/sun.nio.fs.AbstractFileSystemProvider.delete(AbstractFileSystemProvider.java:105)
09.01.2022 - 02:44:20 -        at java.base/java.nio.file.Files.delete(Files.java:1152)
09.01.2022 - 02:44:20 -        at TAB_v3.0.1.jar//me.neznamy.tab.shared.config.Configs.createConfigYml(Configs.java:484)
09.01.2022 - 02:44:20 -        at TAB_v3.0.1.jar//me.neznamy.tab.shared.config.Configs.convertToV3(Configs.java:252)
09.01.2022 - 02:44:20 -        at TAB_v3.0.1.jar//me.neznamy.tab.shared.config.Configs.loadConfig(Configs.java:106)
09.01.2022 - 02:44:20 -        at TAB_v3.0.1.jar//me.neznamy.tab.shared.config.Configs.loadFiles(Configs.java:83)
09.01.2022 - 02:44:20 -        at TAB_v3.0.1.jar//me.neznamy.tab.shared.TAB.load(TAB.java:145)
09.01.2022 - 02:44:20 -        at TAB_v3.0.1.jar//me.neznamy.tab.platforms.bukkit.Main.onEnable(Main.java:52)
09.01.2022 - 02:44:20 -        at org.bukkit.plugin.java.JavaPlugin.setEnabled(JavaPlugin.java:264)
09.01.2022 - 02:44:20 -        at org.bukkit.plugin.java.JavaPluginLoader.enablePlugin(JavaPluginLoader.java:370)
09.01.2022 - 02:44:20 -        at org.bukkit.plugin.SimplePluginManager.enablePlugin(SimplePluginManager.java:500)
09.01.2022 - 02:44:20 -        at org.bukkit.craftbukkit.v1_18_R1.CraftServer.enablePlugin(CraftServer.java:564)
09.01.2022 - 02:44:20 -        at org.bukkit.craftbukkit.v1_18_R1.CraftServer.enablePlugins(CraftServer.java:478)
09.01.2022 - 02:44:20 -        at net.minecraft.server.MinecraftServer.loadWorld0(MinecraftServer.java:727)
09.01.2022 - 02:44:20 -        at net.minecraft.server.MinecraftServer.loadLevel(MinecraftServer.java:503)
09.01.2022 - 02:44:20 -        at net.minecraft.server.dedicated.DedicatedServer.e(DedicatedServer.java:313)
09.01.2022 - 02:44:20 -        at net.minecraft.server.MinecraftServer.w(MinecraftServer.java:1202)
09.01.2022 - 02:44:20 -        at net.minecraft.server.MinecraftServer.lambda$spin$0(MinecraftServer.java:317)
09.01.2022 - 02:44:20 -        at java.base/java.lang.Thread.run(Thread.java:833)
