[17:04:44] [main/INFO]: Environment: authHost='https://authserver.mojang.com', accountsHost='https://api.mojang.com', sessionHost='https://sessionserver.mojang.com', servicesHost='https://api.minecraftservices.com', name='PROD'
[17:04:44] [main/INFO]: Reloading ResourceManager: Default, bukkit
[17:04:45] [Worker-Main-1/INFO]: Loaded 7 recipes
[17:04:46] [Server thread/INFO]: Starting minecraft server version 1.17.1
[17:04:46] [Server thread/INFO]: Loading properties
[17:04:46] [Server thread/INFO]: This server is running Paper version git-Paper-353 (MC: 1.17.1) (Implementing API version 1.17.1-R0.1-SNAPSHOT) (Git: f2cb9cb)
[17:04:46] [Server thread/INFO]: Server Ping Player Sample Count: 12
[17:04:46] [Server thread/INFO]: Using 4 threads for Netty based IO
[17:04:46] [Server thread/INFO]: Default game type: SURVIVAL
[17:04:46] [Server thread/INFO]: Generating keypair
[17:04:46] [Server thread/INFO]: Starting Minecraft server on 104.194.2.206:25643
[17:04:46] [Server thread/INFO]: Using epoll channel type
[17:04:46] [Server thread/INFO]: Paper: Using libdeflate (Linux x86_64) compression from Velocity.
[17:04:46] [Server thread/INFO]: Paper: Using OpenSSL 1.0.x (Linux x86_64) cipher from Velocity.
[17:04:47] [Server thread/ERROR]: [STDERR] [org.bukkit.craftbukkit.v1_17_R1.legacy.CraftLegacy] Initializing Legacy Material Support. Unless you have legacy plugins and/or data this is a bug!
[17:04:50] [Server thread/WARN]: Legacy plugin QuickBoard v4.4.1 does not specify an api-version.
[17:04:50] [Server thread/WARN]: Legacy plugin ServerListPlus v3.4.8 does not specify an api-version.
[17:04:50] [Server thread/INFO]: [LuckPerms] Loading LuckPerms v5.3.67
[17:04:51] [Server thread/INFO]: [VoidGen] Loading VoidGen v2.0
[17:04:51] [Server thread/INFO]: [PlaceholderAPI] Loading PlaceholderAPI v2.10.10
[17:04:51] [Server thread/INFO]: [Vault] Loading Vault v1.7.3-b131
[17:04:51] [Server thread/INFO]: [LaggRemover] Loading LaggRemover v2.0.6
[17:04:51] [Server thread/INFO]: [ProtocolLib] Loading ProtocolLib v4.7.0
[17:04:51] [Server thread/INFO]: [WorldEdit] Loading WorldEdit v7.2.7+9f3e795
[17:04:52] [Server thread/INFO]: Got request to register class com.sk89q.worldedit.bukkit.BukkitServerInterface with WorldEdit [com.sk89q.worldedit.extension.platform.PlatformManager@7f0796df]
[17:04:52] [Server thread/INFO]: [Essentials] Loading Essentials v2.19.0
[17:04:52] [Server thread/INFO]: [DynamicShop] Loading DynamicShop v2.11.8
[17:04:52] [Server thread/INFO]: [AdvancedAchievements] Loading AdvancedAchievements v7.0.3
[17:04:52] [Server thread/INFO]: [QuickBoard] Loading QuickBoard v4.4.1
[17:04:52] [Server thread/INFO]: [EssentialsChat] Loading EssentialsChat v2.19.0
[17:04:52] [Server thread/INFO]: [CrazyAuctions] Loading CrazyAuctions v1.2.16-RELEASE
[17:04:52] [Server thread/INFO]: [DeluxeMenus] Loading DeluxeMenus v1.13.3-Release
[17:04:52] [Server thread/INFO]: [TAB] Loading TAB v2.9.2
[17:04:52] [Server thread/INFO]: [HolographicDisplays] Loading HolographicDisplays v2.4.9
[17:04:52] [Server thread/INFO]: [ServerListPlus] Loading ServerListPlus v3.4.8
[17:04:52] [Server thread/INFO]: [EssentialsSpawn] Loading EssentialsSpawn v2.19.0
[17:04:52] [Server thread/INFO]: [CoreProtect] Loading CoreProtect v20.1
[17:04:52] [Server thread/INFO]: [BentoBox] Loading BentoBox v1.17.3
[17:04:52] [Server thread/INFO]: [Multiverse-Core] Loading Multiverse-Core v4.3.1-b861
[17:04:52] [Server thread/INFO]: [UltimateStacker] Loading UltimateStacker v2.1.7
[17:04:52] [Server thread/INFO]: [WorldGuard] Loading WorldGuard v7.0.6+1cff55f
[17:04:52] [Server thread/INFO]: Server permissions file permissions.yml is empty, ignoring it
[17:04:52] [Server thread/INFO]: [LuckPerms] Enabling LuckPerms v5.3.67
[17:04:52] [Server thread/INFO]:         __    
[17:04:52] [Server thread/INFO]:   |    |__)   LuckPerms v5.3.67
[17:04:52] [Server thread/INFO]:   |___ |      Running on Bukkit - Paper
[17:04:52] [Server thread/INFO]: 
[17:04:52] [Server thread/INFO]: [LuckPerms] Loading configuration...
[17:04:52] [Server thread/INFO]: [LuckPerms] Loading storage provider... [H2]
[17:04:52] [Server thread/INFO]: [LuckPerms] Loading internal permission managers...
[17:04:53] [Server thread/INFO]: [LuckPerms] Performing initial data load...
[17:04:53] [Server thread/INFO]: [LuckPerms] Successfully enabled. (took 907ms)
[17:04:53] [Server thread/INFO]: [VoidGen] Enabling VoidGen v2.0
[17:04:53] [Server thread/INFO]: [VoidGen] Using VoidChunkGen: v1_17
[17:04:53] [Server thread/INFO]: [Vault] Enabling Vault v1.7.3-b131
[17:04:53] [Server thread/WARN]: [Vault] Loaded class com.earth2me.essentials.api.Economy from Essentials v2.19.0 which is not a depend, softdepend or loadbefore of this plugin.
[17:04:53] [Server thread/INFO]: [Vault] [Economy] Essentials Economy found: Waiting
[17:04:53] [Server thread/INFO]: [Vault] [Permission] SuperPermissions loaded as backup permission system.
[17:04:53] [Server thread/INFO]: [Vault] Enabled Version 1.7.3-b131
[17:04:53] [Server thread/INFO]: [LuckPerms] Registered Vault permission & chat hook.
[17:04:53] [Server thread/INFO]: [ProtocolLib] Enabling ProtocolLib v4.7.0
[17:04:53] [Server thread/INFO]: [ProtocolLib] Started structure compiler thread.
[17:04:53] [Server thread/INFO]: [WorldEdit] Enabling WorldEdit v7.2.7+9f3e795
[17:04:53] [Server thread/INFO]: Registering commands with com.sk89q.worldedit.bukkit.BukkitServerInterface
[17:04:53] [Server thread/INFO]: WEPIF: Vault detected! Using Vault for permissions
[17:04:53] [Server thread/INFO]: Using com.sk89q.worldedit.bukkit.adapter.impl.v1_17_R1_2.PaperweightAdapter as the Bukkit adapter
[17:04:54] [Server thread/INFO]: [BentoBox] Enabling BentoBox v1.17.3
[17:04:54] [Server thread/INFO]: [BentoBox] Loading Settings from config.yml...
[17:04:55] [Server thread/INFO]: [BentoBox] Hooking with Vault...
[17:04:55] [Server thread/INFO]: [BentoBox] Loading addons...
[17:04:55] [Server thread/WARN]: [Warps] Loaded class world.bentobox.bentobox.api.addons.Pladdon from BentoBox v1.17.3 which is not a depend, softdepend or loadbefore of this plugin.
[17:04:55] [Server thread/INFO]: [BentoBox] Loaded 8 addons.
[17:04:55] [Server thread/INFO]: Preparing level "caveblock_world"
[17:04:55] [Server thread/INFO]: [VoidGen] Generator settings "<parameters>" syntax is not valid. Using default values:
[17:04:55] [Server thread/INFO]: [VoidGen] {"caves":false,"decoration":false,"mobs":false,"structures":false}
[17:04:56] [Server thread/INFO]: Preparing start region for dimension minecraft:overworld
[17:04:56] [Server thread/INFO]: Preparing spawn area: 0%
[17:04:56] [Server thread/INFO]: Preparing spawn area: 0%
[17:04:57] [Server thread/INFO]: Time elapsed: 693 ms
[17:04:57] [Server thread/INFO]: Preparing start region for dimension minecraft:the_nether
[17:04:57] [Server thread/INFO]: Preparing spawn area: 0%
[17:04:57] [Server thread/INFO]: Preparing spawn area: 0%
[17:04:58] [Server thread/INFO]: Preparing spawn area: 0%
[17:04:58] [Server thread/INFO]: Time elapsed: 1064 ms
[17:04:58] [Server thread/INFO]: Preparing start region for dimension minecraft:the_end
[17:04:58] [Server thread/INFO]: Preparing spawn area: 0%
[17:04:58] [Server thread/INFO]: Time elapsed: 229 ms
[17:04:58] [Server thread/INFO]: [PlaceholderAPI] Enabling PlaceholderAPI v2.10.10
[17:04:58] [Server thread/INFO]: [PlaceholderAPI] Fetching available expansion information...
[17:04:58] [Server thread/INFO]: [LaggRemover] Enabling LaggRemover v2.0.6
[17:04:58] [Server thread/INFO]: [LaggRemover] [STDOUT] 
    __                      ____                                         _    _____
   / /   ____ _____ _____ _/ __ \___  ____ ___  ____ _   _____  _____   | |  / /__ \
  / /   / __ `/ __ `/ __ `/ /_/ / _ \/ __ `__ \/ __ \ | / / _ \/ ___/   | | / /__/ /
 / /___/ /_/ / /_/ / /_/ / _, _/  __/ / / / / / /_/ / |/ /  __/ /       | |/ // __/
/_____/\__,_/\__, /\__, /_/ |_|\___/_/ /_/ /_/\____/|___/\___/_/        |___//____/
            /____//____/

[17:04:58] [Server thread/WARN]: Nag author(s): '[drew6017]' of 'LaggRemover' about their usage of System.out/err.print. Please use your plugin's logger instead (JavaPlugin#getLogger).
[17:04:58] [Server thread/INFO]: [LaggRemover] Loaded 0 module(s)
[17:04:58] [Server thread/INFO]: [LaggRemover] The LaggRemover AI is now active!
[17:04:58] [Server thread/INFO]: [LaggRemover] LaggRemover has been enabled!
[17:04:58] [Server thread/INFO]: [Essentials] Enabling Essentials v2.19.0
[17:04:59] [Server thread/INFO]: [Essentials] Attempting to convert old kits in config.yml to new kits.yml
[17:04:59] [Server thread/INFO]: [Essentials] No kits found to migrate.
[17:04:59] [Server thread/INFO]: [Essentials] NPC backup folder already exists; skipping NPC purge.
[17:04:59] [Server thread/INFO]: [Essentials] To finish purging broken NPC accounts, rename the "plugins/Essentials/userdata-npc-backup" folder and restart your server.
[17:04:59] [Server thread/INFO]: [Essentials] Loaded 36837 items from items.json.
[17:04:59] [Server thread/INFO]: [Essentials] Using locale en_US
[17:04:59] [Server thread/INFO]: [Essentials] ServerListPingEvent: Spigot iterator API
[17:04:59] [Server thread/INFO]: [Essentials] Starting Metrics. Opt-out using the global bStats config.
[17:04:59] [Server thread/INFO]: [Vault] [Economy] Essentials Economy hooked.
[17:04:59] [Server thread/INFO]: [Essentials] Using Vault based permissions (LuckPerms)
[17:04:59] [Server thread/INFO]: [DynamicShop] Enabling DynamicShop v2.11.8
[17:04:59] [Server thread/INFO]: [DynamicShop] Vault Found
[17:04:59] [Server thread/INFO]: [DynamicShop] Jobs Reborn Not Found
[17:04:59] [Server thread/INFO]: [DynamicShop] Enabled! :)
[17:04:59] [Server thread/INFO]: -------------------------------------------------------
[17:04:59] [Server thread/INFO]: [DynamicShop] Plugin is up to date!
[17:04:59] [Server thread/INFO]: Please rate my plugin if you like it
[17:04:59] [Server thread/INFO]: https://spigotmc.org/resources/65603
[17:04:59] [Server thread/INFO]: -------------------------------------------------------
[17:04:59] [Server thread/INFO]: [AdvancedAchievements] Enabling AdvancedAchievements v7.0.3
[17:04:59] [Server thread/INFO]: [AdvancedAchievements] Backing up and loading configuration files...
[17:05:00] [Server thread/WARN]: [AdvancedAchievements] Overriding configuration: disabling PetMasterGive and PetMasterReceive categories.
[17:05:00] [Server thread/WARN]: [AdvancedAchievements] Ensure you have placed Pet Master with a minimum version of 1.4 in your plugins folder or add PetMasterGive and PetMasterReceive to the DisabledCategories list in config.yml.
[17:05:00] [Server thread/INFO]: [AdvancedAchievements] Loaded 58 achievements in 48 categories.
[17:05:00] [Server thread/INFO]: [AdvancedAchievements] 5 disabled categories: [AdvancementsCompleted, DistanceSneaking, JobsReborn, PetMasterGive, PetMasterReceive]
[17:05:00] [Server thread/INFO]: [AdvancedAchievements] Registering event listeners...
[17:05:00] [Server thread/INFO]: [AdvancedAchievements] Initialising h2 database...
[17:05:00] [Server thread/INFO]: [AdvancedAchievements] Setting up command executor and custom tab completers...
[17:05:00] [Server thread/INFO]: [AdvancedAchievements] Launching scheduled tasks...
[17:05:00] [Server thread/INFO]: [AdvancedAchievements] Registering permissions...
[17:05:00] [Thread-13/INFO]: [AdvancedAchievements] Checking for plugin update...
[17:05:00] [Thread-13/WARN]: [AdvancedAchievements] Update available: v8.0.1! Download at spigotmc.org/resources/advanced-achievements.83466
[17:05:00] [Server thread/INFO]: [PlaceholderAPI] Successfully registered expansion: aach
[17:05:00] [Server thread/INFO]: [AdvancedAchievements] Plugin has finished loading and is ready to run! Took 651ms.
[17:05:00] [Server thread/INFO]: [QuickBoard] Enabling QuickBoard v4.4.1*
[17:05:00] [Server thread/INFO]: [QuickBoard] ------------------------------
[17:05:00] [Server thread/INFO]: [QuickBoard]           QuickBoard          
[17:05:00] [Server thread/INFO]: [QuickBoard] Listeners registered
[17:05:00] [Server thread/INFO]: [QuickBoard] Loading scoreboards
[17:05:00] [Server thread/INFO]: [QuickBoard] Loaded 'scoreboard.default.yml' with permission 'scoreboard.default'
[17:05:00] [Server thread/INFO]: [QuickBoard] Scoreboards loaded
[17:05:00] [Server thread/INFO]: [QuickBoard] Config registered
[17:05:00] [Server thread/INFO]: [QuickBoard] Update Tasks started
[17:05:00] [Server thread/INFO]: [QuickBoard] Command 'quickboard' enabled
[17:05:00] [Server thread/INFO]: [QuickBoard]           QuickBoard          
[17:05:00] [Server thread/INFO]: [QuickBoard] ------------------------------
[17:05:00] [Server thread/INFO]: [EssentialsChat] Enabling EssentialsChat v2.19.0
[17:05:00] [Server thread/INFO]: [EssentialsChat] Starting Metrics. Opt-out using the global bStats config.
[17:05:00] [Server thread/INFO]: [CrazyAuctions] Enabling CrazyAuctions v1.2.16-RELEASE
[17:05:00] [Server thread/INFO]: [CrazyAuctions] [STDOUT] [CrazyAuctions] Loading the config.yml
[17:05:00] [Server thread/WARN]: Nag author(s): '[BadBones69]' of 'CrazyAuctions' about their usage of System.out/err.print. Please use your plugin's logger instead (JavaPlugin#getLogger).
[17:05:00] [Server thread/INFO]: [CrazyAuctions] [STDOUT] [CrazyAuctions] Successfully loaded config.yml
[17:05:00] [Server thread/INFO]: [CrazyAuctions] [STDOUT] [CrazyAuctions] Loading the Data.yml
[17:05:00] [Server thread/INFO]: [CrazyAuctions] [STDOUT] [CrazyAuctions] Successfully loaded Data.yml
[17:05:00] [Server thread/INFO]: [CrazyAuctions] [STDOUT] [CrazyAuctions] Loading the Messages.yml
[17:05:00] [Server thread/INFO]: [CrazyAuctions] [STDOUT] [CrazyAuctions] Successfully loaded Messages.yml
[17:05:00] [Server thread/INFO]: [CrazyAuctions] [STDOUT] [CrazyAuctions] Loading the Test-File.yml
[17:05:00] [Server thread/INFO]: [CrazyAuctions] [STDOUT] [CrazyAuctions] Successfully loaded Test-File.yml
[17:05:00] [Server thread/INFO]: [DeluxeMenus] Enabling DeluxeMenus v1.13.3-Release
[17:05:00] [Server thread/INFO]: [DeluxeMenus] Hooked into PlaceholderAPI!
[17:05:00] [Server thread/WARN]: [DeluxeMenus] Player head for item: 4 in menu: spawner1 is not the valid format!
[17:05:00] [Server thread/WARN]: [DeluxeMenus] Valid format: head-<playername/%player_name%>
[17:05:00] [Server thread/WARN]: [DeluxeMenus] Skipping item: 4
[17:05:00] [Server thread/WARN]: [DeluxeMenus] Player head for item: 4 in menu: spawner2 is not the valid format!
[17:05:00] [Server thread/WARN]: [DeluxeMenus] Valid format: head-<playername/%player_name%>
[17:05:00] [Server thread/WARN]: [DeluxeMenus] Skipping item: 4
[17:05:00] [Server thread/WARN]: [DeluxeMenus] Player head for item: 4 in menu: spawner3 is not the valid format!
[17:05:00] [Server thread/WARN]: [DeluxeMenus] Valid format: head-<playername/%player_name%>
[17:05:00] [Server thread/WARN]: [DeluxeMenus] Skipping item: 4
[17:05:00] [Server thread/INFO]: [DeluxeMenus] 3 GUI menus loaded!
[17:05:00] [Server thread/INFO]: [DeluxeMenus] You are running the latest version of DeluxeMenus!
[17:05:00] [Server thread/INFO]: [DeluxeMenus] Successfully hooked into Vault for economy requirement!
[17:05:00] [Server thread/INFO]: [DeluxeMenus] Could not setup a NMS hook for your server version!
[17:05:00] [Server thread/INFO]: [PlaceholderAPI] Successfully registered expansion: deluxemenus
[17:05:00] [Server thread/INFO]: [TAB] Enabling TAB v2.9.2
[17:05:00] [Server thread/INFO]: [TAB] Server version: 1.17.1 (v1_17_R1)
[17:05:00] [Server thread/INFO]: [PlaceholderAPI] Successfully registered expansion: tab
[17:05:00] [Server thread/INFO]: [TAB] Enabled in 45ms
[17:05:00] [Server thread/INFO]: [HolographicDisplays] Enabling HolographicDisplays v2.4.9
[17:05:00] [Server thread/INFO]: [HolographicDisplays] Enabled player relative placeholders with ProtocolLib.
[17:05:00] [Server thread/INFO]: [ServerListPlus] Enabling ServerListPlus v3.4.8*
[17:05:00] [Server thread/INFO]: [ServerListPlus] [Core] Reloading configuration...
[17:05:00] [Server thread/INFO]: [ServerListPlus] [Core] Loaded configuration: ServerStatusConf
[17:05:00] [Server thread/INFO]: [ServerListPlus] [Core] Loaded configuration: PluginConf
[17:05:00] [Server thread/INFO]: [ServerListPlus] [Core] Reloading saved player identities...
[17:05:00] [Server thread/INFO]: [ServerListPlus] Successfully loaded!
[17:05:00] [Server thread/INFO]: [ServerListPlus] ServerListPlus v3.4.8 enabled.
[17:05:00] [Server thread/INFO]: [EssentialsSpawn] Enabling EssentialsSpawn v2.19.0
[17:05:00] [Server thread/INFO]: [EssentialsSpawn] Starting Metrics. Opt-out using the global bStats config.
[17:05:00] [Server thread/INFO]: [CoreProtect] Enabling CoreProtect v20.1
[17:05:00] [Server thread/WARN]: [CoreProtect] Loaded class com.hm.h2.Driver from AdvancedAchievements v7.0.3 which is not a depend, softdepend or loadbefore of this plugin.
[17:05:00] [Server thread/INFO]: [CoreProtect] CoreProtect has been successfully enabled! 
[17:05:00] [Server thread/INFO]: [CoreProtect] Using SQLite for data storage.
[17:05:00] [Server thread/INFO]: --------------------
[17:05:00] [Server thread/INFO]: [CoreProtect] Enjoy CoreProtect? Join our Discord!
[17:05:00] [Server thread/INFO]: [CoreProtect] Discord: www.coreprotect.net/discord/
[17:05:00] [Server thread/INFO]: --------------------
[17:05:00] [Server thread/INFO]: [Multiverse-Core] Enabling Multiverse-Core v4.3.1-b861
[17:05:00] [Server thread/WARN]: [Multiverse-Core] "Multiverse-Core v4.3.1-b861" has registered a listener for org.bukkit.event.entity.EntityCreatePortalEvent on method "public void com.onarandombox.MultiverseCore.listeners.MVPortalListener.entityPortalCreate(org.bukkit.event.entity.EntityCreatePortalEvent)", but the event is Deprecated. "Server performance will be affected"; please notify the authors [dumptruckman, Rigby, fernferret, lithium3141, main--].
[17:05:00] [Server thread/INFO]: [Multiverse-Core] We are aware of the warning about the deprecated event. There is no alternative that allows us to do what we need to do and performance impact is negligible. It is safe to ignore.
[17:05:01] [Server thread/INFO]: [VoidGen] Generator settings "<parameters>" syntax is not valid. Using default values:
[17:05:01] [Server thread/INFO]: [VoidGen] {"caves":false,"decoration":false,"mobs":false,"structures":false}
[17:05:01] [Server thread/INFO]: [Multiverse-Core] 6 - World(s) loaded.
[17:05:01] [Server thread/WARN]: [Multiverse-Core] Buscript failed to load! The script command will be disabled! If you would like not to see this message, use `/mv conf enablebuscript false` to disable Buscript from loading.
[17:05:01] [Server thread/INFO]: [Multiverse-Core] Version 4.3.1-b861 (API v24) Enabled - By dumptruckman, Rigby, fernferret, lithium3141 and main--
[17:05:01] [Server thread/INFO]: [UltimateStacker] Enabling UltimateStacker v2.1.7
[17:05:01] [Server thread/INFO]:  
[17:05:01] [Server thread/INFO]: =============================
[17:05:01] [Server thread/INFO]: UltimateStacker 2.1.7 by Songoda <3!
[17:05:01] [Server thread/INFO]: Action: Enabling...
[17:05:01] [Server thread/INFO]: [UltimateStacker] Loaded locale "en_US"
[17:05:01] [Server thread/INFO]: [UltimateStacker] [STDOUT] [SongodaCore] Hooked UltimateStacker.
[17:05:01] [Server thread/WARN]: Nag author(s): '[songoda]' of 'UltimateStacker' about their usage of System.out/err.print. Please use your plugin's logger instead (JavaPlugin#getLogger).
[17:05:02] [Server thread/INFO]: [UltimateStacker] Data handler connected using SQLite.
[17:05:02] [Server thread/WARN]: [UltimateStacker] Loaded class com.hm.h2.Driver from AdvancedAchievements v7.0.3 which is not a depend, softdepend or loadbefore of this plugin.
[17:05:02] [Server thread/INFO]: =============================
[17:05:02] [Server thread/INFO]:  
[17:05:02] [Server thread/INFO]: [WorldGuard] Enabling WorldGuard v7.0.6+1cff55f
[17:05:02] [Server thread/WARN]: [WorldGuard] Loaded class com.hm.h2.Driver from AdvancedAchievements v7.0.3 which is not a depend, softdepend or loadbefore of this plugin.
[17:05:02] [Server thread/INFO]: [WorldGuard] (caveblock_world) TNT ignition is PERMITTED.
[17:05:02] [Server thread/INFO]: [WorldGuard] (caveblock_world) Lighters are PERMITTED.
[17:05:02] [Server thread/INFO]: [WorldGuard] (caveblock_world) Lava fire is PERMITTED.
[17:05:02] [Server thread/INFO]: [WorldGuard] (caveblock_world) Fire spread is UNRESTRICTED.
[17:05:02] [Server thread/INFO]: [WorldGuard] Loaded configuration for world 'caveblock_world'
[17:05:02] [Server thread/INFO]: [WorldGuard] (caveblock_world_nether) TNT ignition is PERMITTED.
[17:05:02] [Server thread/INFO]: [WorldGuard] (caveblock_world_nether) Lighters are PERMITTED.
[17:05:02] [Server thread/INFO]: [WorldGuard] (caveblock_world_nether) Lava fire is PERMITTED.
[17:05:02] [Server thread/INFO]: [WorldGuard] (caveblock_world_nether) Fire spread is UNRESTRICTED.
[17:05:02] [Server thread/INFO]: [WorldGuard] Loaded configuration for world 'caveblock_world_nether'
[17:05:02] [Server thread/INFO]: [WorldGuard] (caveblock_world_the_end) TNT ignition is PERMITTED.
[17:05:02] [Server thread/INFO]: [WorldGuard] (caveblock_world_the_end) Lighters are PERMITTED.
[17:05:02] [Server thread/INFO]: [WorldGuard] (caveblock_world_the_end) Lava fire is PERMITTED.
[17:05:02] [Server thread/INFO]: [WorldGuard] (caveblock_world_the_end) Fire spread is UNRESTRICTED.
[17:05:02] [Server thread/INFO]: [WorldGuard] Loaded configuration for world 'caveblock_world_the_end'
[17:05:02] [Server thread/INFO]: [WorldGuard] (caveblock-world_nether) TNT ignition is PERMITTED.
[17:05:02] [Server thread/INFO]: [WorldGuard] (caveblock-world_nether) Lighters are PERMITTED.
[17:05:02] [Server thread/INFO]: [WorldGuard] (caveblock-world_nether) Lava fire is PERMITTED.
[17:05:02] [Server thread/INFO]: [WorldGuard] (caveblock-world_nether) Fire spread is UNRESTRICTED.
[17:05:02] [Server thread/INFO]: [WorldGuard] Loaded configuration for world 'caveblock-world_nether'
[17:05:02] [Server thread/INFO]: [WorldGuard] (caveblock-world) TNT ignition is PERMITTED.
[17:05:02] [Server thread/INFO]: [WorldGuard] (caveblock-world) Lighters are PERMITTED.
[17:05:02] [Server thread/INFO]: [WorldGuard] (caveblock-world) Lava fire is PERMITTED.
[17:05:02] [Server thread/INFO]: [WorldGuard] (caveblock-world) Fire spread is UNRESTRICTED.
[17:05:02] [Server thread/INFO]: [WorldGuard] Loaded configuration for world 'caveblock-world'
[17:05:02] [Server thread/INFO]: [WorldGuard] (caveblock-world_the_end) TNT ignition is PERMITTED.
[17:05:02] [Server thread/INFO]: [WorldGuard] (caveblock-world_the_end) Lighters are PERMITTED.
[17:05:02] [Server thread/INFO]: [WorldGuard] (caveblock-world_the_end) Lava fire is PERMITTED.
[17:05:02] [Server thread/INFO]: [WorldGuard] (caveblock-world_the_end) Fire spread is UNRESTRICTED.
[17:05:02] [Server thread/INFO]: [WorldGuard] Loaded configuration for world 'caveblock-world_the_end'
[17:05:02] [Server thread/INFO]: [WorldGuard] Loading region data...
[17:05:03] [Server thread/INFO]: [PlaceholderAPI] Placeholder expansion registration initializing...
[17:05:03] [Server thread/INFO]: Running delayed init tasks
[17:05:03] [Server thread/INFO]: [BentoBox] Hooking with PlaceholderAPI...
[17:05:03] [Server thread/INFO]: [PlaceholderAPI] Successfully registered expansion: bentobox
[17:05:03] [Server thread/INFO]: [BentoBox] Enabling game mode addons...
[17:05:03] [Server thread/INFO]: [BentoBox] Enabling CaveBlock (1.14.5)...
[17:05:03] [Craft Scheduler Thread - 2 - Essentials/INFO]: [Essentials] Fetching version information...
[17:05:03] [Server thread/INFO]: [BentoBox] Enabling other addons...
[17:05:03] [Server thread/INFO]: [BentoBox] Enabling Level (2.8.0)...
[17:05:03] [Craft Scheduler Thread - 9 - Vault/INFO]: [Vault] Checking for Updates ... 
[17:05:03] [Server thread/WARN]: [BentoBox] [Level] Level Addon: No such world in blockconfig.yml : acidisland_world
[17:05:03] [Craft Scheduler Thread - 1 - BentoBox/INFO]: [BentoBox] Loaded Blueprint Bundle 'default' for CaveBlock.
[17:05:03] [Craft Scheduler Thread - 1 - BentoBox/INFO]: [BentoBox] Loaded Blueprint Bundle 'miner-cave' for CaveBlock.
[17:05:03] [Craft Scheduler Thread - 1 - BentoBox/INFO]: [BentoBox] Loaded blueprint 'nether-cave' for CaveBlock
[17:05:03] [Server thread/INFO]: [BentoBox] [Level] Level hooking into CaveBlock
[17:05:03] [Server thread/INFO]: [PlaceholderAPI] Successfully registered expansion: level
[17:05:03] [Server thread/INFO]: [BentoBox] Enabling Challenges (0.8.4)...
[17:05:03] [Craft Scheduler Thread - 9 - Vault/INFO]: [Vault] No new version available
[17:05:03] [Server thread/INFO]: [BentoBox] [Challenges] Loading challenges...
[17:05:03] [Craft Scheduler Thread - 1 - BentoBox/INFO]: [BentoBox] Loaded blueprint 'cave' for CaveBlock
[17:05:03] [Server thread/INFO]: [PlaceholderAPI] Successfully registered expansion: caveblock
[17:05:03] [Server thread/INFO]: [PlaceholderAPI] Successfully registered expansion: challenges
[17:05:03] [Server thread/WARN]: [BentoBox] Loaded class world.bentobox.level.Level from Pladdon v2.8.0 which is not a depend, softdepend or loadbefore of this plugin.
[17:05:03] [Craft Scheduler Thread - 1 - BentoBox/INFO]: [BentoBox] Loaded blueprint 'miners-cave' for CaveBlock
[17:05:03] [Server thread/INFO]: [BentoBox] Enabling Warps (1.11.1)...
[17:05:03] [Server thread/INFO]: [BentoBox] [Warps] Loading warps...
[17:05:03] [Server thread/INFO]: [BentoBox] Enabling ControlPanel (1.13.0)...
[17:05:03] [Craft Scheduler Thread - 1 - BentoBox/INFO]: [BentoBox] Loaded blueprint 'end-cave' for CaveBlock
[17:05:03] [Server thread/INFO]: [BentoBox] Loading control panels...
[17:05:03] [Server thread/INFO]: [BentoBox] Enabling DimensionalTrees (1.6.0)...
[17:05:03] [Server thread/INFO]: [BentoBox] Enabling Biomes (1.14.0)...
[17:05:03] [Server thread/INFO]: [BentoBox] Loading biomes...
[17:05:03] [Server thread/INFO]: [BentoBox] Enabling Limits (1.17.2)...
[17:05:03] [Server thread/INFO]: [BentoBox] [Limits] Entity limits:
[17:05:03] [Server thread/INFO]: [BentoBox] [Limits] Limit ENDERMAN to 5
[17:05:03] [Server thread/INFO]: [BentoBox] [Limits] Limit CHICKEN to 10
[17:05:03] [Server thread/INFO]: [BentoBox] [Limits] Entity group limits:
[17:05:03] [Server thread/INFO]: [PlaceholderAPI] Successfully registered expansion: limits
[17:05:03] [Server thread/INFO]: [BentoBox] [Limits] Limits will apply to CaveBlock
[17:05:03] [Server thread/INFO]: [BentoBox] [Limits] Loading default limits
[17:05:03] [Server thread/INFO]: [BentoBox] [Limits] Limit HOPPER to 10
[17:05:03] [Server thread/INFO]: [BentoBox] Addons successfully enabled.
[17:05:03] [Server thread/INFO]: [BentoBox] Hooking with Multiverse-Core...
[17:05:03] [Server thread/INFO]: Multiverse already knows about 'caveblock-world'!
[17:05:03] [Server thread/INFO]: Success! Property generator was set to BentoBox
[17:05:03] [Server thread/INFO]: Multiverse already knows about 'caveblock-world_nether'!
[17:05:03] [Server thread/INFO]: Success! Property generator was set to BentoBox
[17:05:03] [Server thread/INFO]: Multiverse already knows about 'caveblock-world_the_end'!
[17:05:03] [Server thread/INFO]: Success! Property generator was set to BentoBox
[17:05:03] [Server thread/INFO]: [BentoBox] Hooking with WorldEdit...
[17:05:03] [Server thread/INFO]: 
  ____             _        ____
 |  _ \           | |      |  _ \             by tastybento and Poslovitch
 | |_) | ___ _ __ | |_ ___ | |_) | _____  __  2017 - 2020
 |  _ < / _ \ '_ \| __/ _ \|  _ < / _ \ \/ /
 | |_) |  __/ | | | || (_) | |_) | (_) >  <   v1.17.3
 |____/ \___|_| |_|\__\___/|____/ \___/_/\_\  Loaded in 2158ms.

[17:05:03] [Server thread/INFO]: [Essentials] Essentials found a compatible payment resolution method: Vault Compatibility Layer (v1.7.3-b131)!
[17:05:03] [Server thread/INFO]: [CoreProtect] WorldEdit logging successfully initialized.
[17:05:03] [Server thread/INFO]: [PlaceholderAPI] Successfully registered expansion: server
[17:05:03] [Server thread/INFO]: [PlaceholderAPI] Successfully registered expansion: player
[17:05:03] [Server thread/WARN]: [PlaceholderAPI] Loaded class net.milkbowl.vault.economy.Economy from Vault v1.7.3-b131 which is not a depend, softdepend or loadbefore of this plugin.
[17:05:03] [Server thread/INFO]: [PlaceholderAPI] Successfully registered expansion: vault
[17:05:03] [Server thread/INFO]: [PlaceholderAPI] Successfully registered expansion: statistic
[17:05:03] [Server thread/INFO]: 4 placeholder hooks successfully registered!
[17:05:03] [Server thread/INFO]: [BentoBox] Added world CaveBlock (HARD)
[17:05:03] [Server thread/INFO]: [BentoBox] All blueprints loaded.
[17:05:03] [Server thread/INFO]: Done (17.625s)! For help, type "help"
[17:05:03] [Server thread/INFO]: Timings Reset
[17:05:03] [Craft Scheduler Thread - 8 - BentoBox/INFO]: [BentoBox] [Level] Generating rankings
[17:05:04] [Craft Scheduler Thread - 9 - BentoBox/INFO]: [BentoBox] Downloading data from GitHub...
[17:05:04] [Craft Scheduler Thread - 9 - BentoBox/INFO]: [BentoBox] Updating the Catalog...
[17:05:04] [Craft Scheduler Thread - 9 - BentoBox/INFO]: [BentoBox] Updating Contributors information...
[17:05:04] [Craft Scheduler Thread - 9 - BentoBox/INFO]: [BentoBox] Gathering contribution data for: BentoBoxWorld/BentoBox, BentoBoxWorld/CaveBlock, BentoBoxWorld/Challenges, BentoBoxWorld/ControlPanel, BentoBoxWorld/Biomes
[17:05:06] [Craft Scheduler Thread - 9 - BentoBox/INFO]: [BentoBox] Successfully downloaded data from GitHub.
[17:05:33] [Craft Scheduler Thread - 8 - BentoBox/INFO]: [BentoBox] Downloading data from GitHub...
[17:05:33] [Craft Scheduler Thread - 8 - BentoBox/INFO]: [BentoBox] Successfully downloaded data from GitHub.
[17:05:53] [User Authenticator #1/INFO]: UUID of player AllanStrat is f0e7f028-4955-4dc8-8e40-d334ef0bd19a
[17:05:53] [Server thread/INFO]: AllanStrat joined the game
[17:05:53] [Server thread/INFO]: AllanStrat[/201.220.139.185:28748] logged in with entity id 105 at ([caveblock_world]-63.350405881379864, 62.176147317690535, 33.70043568896916)
[17:06:08] [User Authenticator #1/INFO]: UUID of player AllanDev is bdc83502-6d75-4c26-a633-729e9ed81aee
[17:06:08] [Server thread/INFO]: AllanDev joined the game
[17:06:08] [Server thread/INFO]: AllanDev[/201.220.139.185:1025] logged in with entity id 106 at ([caveblock_world]1.4318272006667943, 65.0, -1.4782446013501398)
[17:06:16] [Server thread/INFO]: AllanDev issued server command: /WARP shop
[17:06:16] [Server thread/INFO]: [Essentials] AllanDev was denied access to command.
[17:07:50] [Server thread/INFO]: AllanDev issued server command: /spawn
[17:07:51] [Server thread/INFO]: AllanDev issued server command: /cave
[17:07:59] [Server thread/INFO]: AllanDev issued server command: /cave
[17:08:03] [Server thread/INFO]: AllanDev has made the advancement [Hot Stuff]
[17:08:11] [Server thread/WARN]: Can't keep up! Is the server overloaded? Running 5144ms or 102 ticks behind
[17:08:12] [Server thread/INFO]: CONSOLE issued server command: /list 
[17:08:12] [Server thread/INFO]: There are 2 out of maximum 2,021 players online.
[17:08:12] [Server thread/INFO]: GUEST: [Guest]AllanDev, [Guest]AllanStrat
[17:09:20] [Server thread/INFO]: AllanStrat issued server command: /tp AllanDev
[17:09:23] [Server thread/INFO]: AllanStrat issued server command: /gmc
[17:09:26] [Server thread/INFO]: AllanStrat has made the advancement [Stone Age]
[17:09:37] [Server thread/INFO]: Named entity EntityCow['MooMoo'/161, uuid='2af10839-990d-42d7-b1c1-92077222e70e', l='ServerLevel[caveblock-world]', x=-0.59, y=65.00, z=0.41, cpos=[-1, 0], tl=1857, v=true, rR=null] died: MooMoo burned to death
[17:10:06] [Server thread/INFO]: AllanDev issued server command: /cave reset
[17:10:23] [Server thread/INFO]: AllanStrat issued server command: /cave reset AllanDev
[17:10:30] [Server thread/INFO]: AllanStrat issued server command: /cave reset
[17:10:37] [Server thread/INFO]: AllanStrat issued server command: /sudo AllanDev cave reset
[17:10:37] [Server thread/INFO]: AllanDev issued server command: /cave reset
[17:11:02] [Server thread/INFO]: AllanDev issued server command: /spawn
[17:11:13] [Server thread/INFO]: AllanStrat issued server command: //set stone
[17:11:17] [Server thread/INFO]: AllanStrat issued server command: /tp AllanDev
[17:11:21] [Server thread/INFO]: CONSOLE issued server command: /list 
[17:11:21] [Server thread/INFO]: There are 2 out of maximum 2,021 players online.
[17:11:21] [Server thread/INFO]: GUEST: [Guest]AllanDev, [Guest]AllanStrat
[17:11:31] [Server thread/INFO]: Saving the game (this may take a moment!)
[17:11:31] [Server thread/INFO]: Saved the game
[17:11:31] [Server thread/INFO]: Stopping the server
[17:11:31] [Server thread/INFO]: Stopping server
[17:11:31] [Server thread/INFO]: [WorldGuard] Disabling WorldGuard v7.0.6+1cff55f
[17:11:31] [Server thread/INFO]: [WorldGuard] Shutting down executor and cancelling any pending tasks...
[17:11:31] [Server thread/INFO]: [UltimateStacker] Disabling UltimateStacker v2.1.7
[17:11:31] [Server thread/INFO]:  
[17:11:31] [Server thread/INFO]: =============================
[17:11:31] [Server thread/INFO]: UltimateStacker 2.1.7 by Songoda <3!
[17:11:31] [Server thread/INFO]: Action: Disabling...
[17:11:31] [Server thread/INFO]: =============================
[17:11:31] [Server thread/INFO]:  
[17:11:31] [Server thread/INFO]: [Multiverse-Core] Disabling Multiverse-Core v4.3.1-b861
[17:11:31] [Server thread/INFO]: [BentoBox] Disabling BentoBox v1.17.3
[17:11:31] [Server thread/INFO]: [BentoBox] Disabling addons...
[17:11:31] [Server thread/INFO]: [BentoBox] Disabling CaveBlock...
[17:11:31] [Server thread/INFO]: [BentoBox] Disabling Level...
[17:11:31] [Server thread/INFO]: [BentoBox] [Level] Stopping Level queue
[17:11:31] [Server thread/INFO]: [Pladdon] Disabling Pladdon v2.8.0
[17:11:31] [Server thread/INFO]: [BentoBox] Disabling Challenges...
[17:11:31] [Server thread/INFO]: [BentoBox] Disabling Warps...
[17:11:31] [Server thread/INFO]: [Warps] Disabling Warps v1.11.1
[17:11:31] [Server thread/INFO]: [BentoBox] Disabling ControlPanel...
[17:11:31] [Server thread/INFO]: [BentoBox] Disabling DimensionalTrees...
[17:11:31] [Server thread/INFO]: [BentoBox] Disabling Biomes...
[17:11:31] [Server thread/INFO]: [BentoBox] Disabling Limits...
[17:11:31] [Server thread/INFO]: [BentoBox] Addons successfully disabled.
[17:11:31] [Server thread/INFO]: [BentoBox] Removing coops from islands...
[17:11:31] [Server thread/INFO]: [BentoBox] Saving islands - this has to be done sync so it may take a while with a lot of islands...
[17:11:31] [Server thread/INFO]: [BentoBox] Islands saved.
[17:11:31] [Server thread/INFO]: [BentoBox] Closing database.
[17:11:31] [Server thread/INFO]: [CoreProtect] Disabling CoreProtect v20.1
[17:11:31] [Server thread/INFO]: [CoreProtect] Finishing up data logging. Please wait...
[17:11:32] [Server thread/INFO]: [CoreProtect] Success! Disabled CoreProtect v20.1
[17:11:32] [Server thread/INFO]: [EssentialsSpawn] Disabling EssentialsSpawn v2.19.0
[17:11:32] [Server thread/INFO]: [ServerListPlus] Disabling ServerListPlus v3.4.8
[17:11:32] [Server thread/INFO]: [ServerListPlus] ServerListPlus v3.4.8 disabled.
[17:11:32] [Server thread/INFO]: [HolographicDisplays] Disabling HolographicDisplays v2.4.9
[17:11:32] [Server thread/INFO]: [TAB] Disabling TAB v2.9.2
[17:11:32] [Server thread/INFO]: [TAB] Disabled in 1ms
[17:11:32] [Server thread/INFO]: [DeluxeMenus] Disabling DeluxeMenus v1.13.3-Release
[17:11:32] [Server thread/INFO]: [CrazyAuctions] Disabling CrazyAuctions v1.2.16-RELEASE
[17:11:32] [Server thread/INFO]: [EssentialsChat] Disabling EssentialsChat v2.19.0
[17:11:32] [Server thread/INFO]: [QuickBoard] Disabling QuickBoard v4.4.1
[17:11:32] [Server thread/INFO]: [AdvancedAchievements] Disabling AdvancedAchievements v7.0.3
[17:11:32] [Server thread/INFO]: [AdvancedAchievements] Remaining requests sent to the database, plugin successfully disabled.
[17:11:32] [Server thread/INFO]: [DynamicShop] Disabling DynamicShop v2.11.8
[17:11:32] [Server thread/INFO]: [DynamicShop] Disabled
[17:11:32] [Server thread/INFO]: [Essentials] Disabling Essentials v2.19.0
[17:11:32] [Server thread/INFO]: [Vault] [Economy] Essentials Economy unhooked.
[17:11:32] [Server thread/INFO]: [WorldEdit] Disabling WorldEdit v7.2.7+9f3e795
[17:11:32] [Server thread/INFO]: Unregistering com.sk89q.worldedit.bukkit.BukkitServerInterface from WorldEdit
[17:11:32] [Server thread/INFO]: [ProtocolLib] Disabling ProtocolLib v4.7.0
[17:11:32] [Server thread/INFO]: [LaggRemover] Disabling LaggRemover v2.0.6
[17:11:32] [Server thread/INFO]: [LaggRemover] LaggRemover has been disabled!
[17:11:32] [Server thread/INFO]: [Vault] Disabling Vault v1.7.3-b131
[17:11:32] [Server thread/INFO]: [PlaceholderAPI] Unregistered placeholder expansion: vault
[17:11:32] [Server thread/INFO]: [PlaceholderAPI] Disabling PlaceholderAPI v2.10.10
[17:11:32] [Server thread/INFO]: [VoidGen] Disabling VoidGen v2.0
[17:11:32] [Server thread/INFO]: [LuckPerms] Disabling LuckPerms v5.3.67
[17:11:32] [Server thread/INFO]: [LuckPerms] Starting shutdown process...
[17:11:32] [Server thread/INFO]: [LuckPerms] Closing storage...
[17:11:32] [Server thread/INFO]: [LuckPerms] Goodbye!
[17:11:32] [Server thread/INFO]: Saving players
[17:11:32] [Server thread/INFO]: AllanDev lost connection: Server closed
[17:11:32] [Server thread/INFO]: [Guest]AllanDev left the game
[17:11:32] [Server thread/INFO]: AllanStrat lost connection: Server closed
[17:11:32] [Server thread/INFO]: [Guest]AllanStrat left the game
[17:11:33] [Server thread/INFO]: Saving worlds
[17:11:33] [Server thread/INFO]: Saving chunks for level 'ServerLevel[caveblock_world]'/minecraft:overworld
[17:11:33] [Server thread/INFO]: Saving chunks for level 'ServerLevel[caveblock_world_nether]'/minecraft:the_nether
[17:11:33] [Server thread/INFO]: Saving chunks for level 'ServerLevel[caveblock_world_the_end]'/minecraft:the_end
[17:11:33] [Server thread/INFO]: Saving chunks for level 'ServerLevel[caveblock-world_nether]'/minecraft:caveblock-world_nether
[17:11:33] [Server thread/INFO]: Saving chunks for level 'ServerLevel[caveblock-world]'/minecraft:caveblock-world
[17:11:33] [Server thread/INFO]: Saving chunks for level 'ServerLevel[caveblock-world_the_end]'/minecraft:caveblock-world_the_end
[17:11:33] [Server thread/INFO]: ThreadedAnvilChunkStorage (caveblock_world): All chunks are saved
[17:11:33] [Server thread/INFO]: ThreadedAnvilChunkStorage (DIM-1): All chunks are saved
[17:11:33] [Server thread/INFO]: ThreadedAnvilChunkStorage (DIM1): All chunks are saved
[17:11:33] [Server thread/INFO]: ThreadedAnvilChunkStorage (DIM-1): All chunks are saved
[17:11:33] [Server thread/INFO]: ThreadedAnvilChunkStorage (caveblock-world): All chunks are saved
[17:11:33] [Server thread/INFO]: ThreadedAnvilChunkStorage (DIM1): All chunks are saved
[17:11:33] [Server thread/INFO]: ThreadedAnvilChunkStorage: All dimensions are saved
[17:11:33] [Server thread/INFO]: Flushing Chunk IO
[17:11:33] [Server thread/INFO]: Closing Thread Pool
[17:11:33] [Server thread/INFO]: Closing Server
